2016-11-03 00:36:14,033 [Worker-1] INFO  c.g.t.t.d.PublishedGradleVersions - Gradle version information cache is not available. Remote download required.
2016-11-03 00:37:10,216 [Worker-1] INFO  c.g.t.t.d.PublishedGradleVersions - Gradle version information cache is up-to-date. Trying to read.
2016-11-05 12:54:44,390 [Worker-0] INFO  c.g.t.t.d.PublishedGradleVersions - Gradle version information cache is out-of-date. Trying to update.
2016-11-05 16:09:59,286 [Worker-2] INFO  c.g.t.t.d.PublishedGradleVersions - Gradle version information cache is up-to-date. Trying to read.
2016-11-05 17:53:04,696 [main] INFO  c.g.t.t.d.PublishedGradleVersions - Gradle version information cache file is not out-of-date. No remote download required.
2016-11-05 18:04:35,224 [main] INFO  c.g.t.t.d.PublishedGradleVersions - Gradle version information cache file is not out-of-date. No remote download required.
2016-11-05 18:49:40,507 [main] INFO  c.g.t.t.d.PublishedGradleVersions - Gradle version information cache file is not out-of-date. No remote download required.
2016-11-05 20:39:34,584 [Start Help Server] INFO  org.eclipse.jetty.util.log - Logging initialized @8613426ms
2016-11-05 20:39:35,135 [Start Help Server] INFO  org.eclipse.jetty.server.Server - jetty-9.2.13.v20150730
2016-11-05 20:39:35,211 [Start Help Server] INFO  o.e.j.server.handler.ContextHandler - Started o.e.j.s.ServletContextHandler@32e42547{/help,null,AVAILABLE}
2016-11-05 20:39:35,295 [Start Help Server] INFO  o.e.jetty.server.ServerConnector - Started ServerConnector@1b5f392a{HTTP/1.1}{127.0.0.1:50474}
2016-11-05 20:39:35,296 [Start Help Server] INFO  org.eclipse.jetty.server.Server - Started @8614139ms
2016-11-05 20:52:24,557 [Stop Help Server] INFO  o.e.jetty.server.ServerConnector - Stopped ServerConnector@1b5f392a{HTTP/1.1}{127.0.0.1:0}
2016-11-05 20:52:24,634 [Stop Help Server] INFO  o.e.j.server.handler.ContextHandler - Stopped o.e.j.s.ServletContextHandler@32e42547{/help,null,UNAVAILABLE}
2016-11-13 10:56:02,752 [Worker-16] INFO  c.g.t.t.d.PublishedGradleVersions - Gradle version information cache file is out-of-date. Remote download required.
2016-11-13 13:34:09,745 [main] INFO  c.g.t.t.d.PublishedGradleVersions - Gradle version information cache file is not out-of-date. No remote download required.
2016-11-15 00:03:46,451 [main] INFO  c.g.t.t.d.PublishedGradleVersions - Gradle version information cache file is out-of-date. Remote download required.
2016-11-17 00:06:40,175 [Worker-8] INFO  c.g.t.t.d.PublishedGradleVersions - Gradle version information cache file is out-of-date. Remote download required.
2016-11-17 11:08:17,076 [main] INFO  c.g.t.t.d.PublishedGradleVersions - Gradle version information cache file is not out-of-date. No remote download required.
2016-11-18 10:37:46,605 [main] INFO  c.g.t.t.d.PublishedGradleVersions - Gradle version information cache file is out-of-date. Remote download required.
2016-11-18 12:02:58,506 [main] INFO  c.g.t.t.d.PublishedGradleVersions - Gradle version information cache file is not out-of-date. No remote download required.
2016-11-18 18:26:26,374 [main] INFO  c.g.t.t.d.PublishedGradleVersions - Gradle version information cache file is not out-of-date. No remote download required.
